Command line:
   StateMachineDecryptor_VTF_isim_beh.exe
     -simmode  gui
     -simrunnum  0
     -socket  58598

Mon Jun 07 20:11:46 2021


 Elaboration Time: 0.21875 sec

 Current Memory Usage: 5807.21 Meg

 Total Signals          : 30
 Total Nets             : 541
 Total Signal Drivers   : 22
 Total Blocks           : 3
 Total Primitive Blocks : 2
 Total Processes        : 28
 Total Traceable Variables  : 42
 Total Scalar Nets and Variables : 1165
Total Line Count : 123

 Total Simulation Time: 1.85938 sec

 Current Memory Usage: 4706.21 Meg

Mon Jun 07 20:14:15 2021

