Command line:
   AES_Decryptor_VTF_isim_beh.exe
     -simmode  gui
     -simrunnum  0
     -socket  60087

Mon Jun 07 22:33:56 2021


 Elaboration Time: 1 sec

 Current Memory Usage: 5827.21 Meg

 Total Signals          : 62
 Total Nets             : 1309
 Total Signal Drivers   : 26
 Total Blocks           : 8
 Total Primitive Blocks : 6
 Total Processes        : 44
 Total Traceable Variables  : 67
 Total Scalar Nets and Variables : 13145
Total Line Count : 450

 Total Simulation Time: 1.0625 sec

 Current Memory Usage: 5827.21 Meg

Mon Jun 07 22:34:26 2021

