Command line:
   StateMachine_VTF_isim_beh.exe
     -simmode  gui
     -simrunnum  0
     -socket  54173

Sun Jun 06 20:25:25 2021


 Elaboration Time: 0.109375 sec

 Current Memory Usage: 5150.81 Meg

 Total Signals          : 36
 Total Nets             : 553
 Total Signal Drivers   : 28
 Total Blocks           : 3
 Total Primitive Blocks : 2
 Total Processes        : 37
 Total Traceable Variables  : 50
 Total Scalar Nets and Variables : 1262
Total Line Count : 313

 Total Simulation Time: 0.25 sec

 Current Memory Usage: 4678.95 Meg

Sun Jun 06 20:42:03 2021

