Running: C:\Xilinx\14.7\ISE_DS\ISE\bin\nt64\unwrapped\fuse.exe -intstyle ise -incremental -lib unisims_ver -lib unimacro_ver -lib xilinxcorelib_ver -lib secureip -o L:/ProyectoFinal_SistemasEmbebidosFJ21/PF_AES/InvMixColumns_VTF_isim_beh.exe -prj L:/ProyectoFinal_SistemasEmbebidosFJ21/PF_AES/InvMixColumns_VTF_beh.prj work.InvMixColumns_VTF work.glbl 
ISim P.20131013 (signature 0x7708f090)
Number of CPUs detected in this system: 8
Turning on mult-threading, number of parallel sub-compilation jobs: 16 
Determining compilation order of HDL files
Analyzing Verilog file "L:/ProyectoFinal_SistemasEmbebidosFJ21/PF_AES/InvMixColumns.v" into library work
Analyzing Verilog file "L:/ProyectoFinal_SistemasEmbebidosFJ21/PF_AES/InvMixColumns_VTF.v" into library work
WARNING:HDLCompiler:1818 - "L:/ProyectoFinal_SistemasEmbebidosFJ21/PF_AES/InvMixColumns_VTF.v" Line 63: Invalid size of integer constant literal
WARNING:HDLCompiler:1818 - "L:/ProyectoFinal_SistemasEmbebidosFJ21/PF_AES/InvMixColumns_VTF.v" Line 74: Invalid size of integer constant literal
WARNING:HDLCompiler:1818 - "L:/ProyectoFinal_SistemasEmbebidosFJ21/PF_AES/InvMixColumns_VTF.v" Line 84: Invalid size of integer constant literal
WARNING:HDLCompiler:1818 - "L:/ProyectoFinal_SistemasEmbebidosFJ21/PF_AES/InvMixColumns_VTF.v" Line 95: Invalid size of integer constant literal
Analyzing Verilog file "C:/Xilinx/14.7/ISE_DS/ISE//verilog/src/glbl.v" into library work
Starting static elaboration
Completed static elaboration
Compiling module InvMixColumns
Compiling module InvMixColumns_VTF
Compiling module glbl
Time Resolution for simulation is 1ps.
Waiting for 1 sub-compilation(s) to finish...
Compiled 3 Verilog Units
Built simulation executable L:/ProyectoFinal_SistemasEmbebidosFJ21/PF_AES/InvMixColumns_VTF_isim_beh.exe
Fuse Memory Usage: 27784 KB
Fuse CPU Usage: 812 ms
