Command line:
   InvMixColumns_VTF_isim_beh.exe
     -simmode  gui
     -simrunnum  0
     -socket  57387

Mon Jun 07 17:35:59 2021


 Elaboration Time: 0.296875 sec

 Current Memory Usage: 5808.87 Meg

 Total Signals          : 18
 Total Nets             : 272
 Total Signal Drivers   : 10
 Total Blocks           : 3
 Total Primitive Blocks : 2
 Total Processes        : 19
 Total Traceable Variables  : 33
 Total Scalar Nets and Variables : 8995
Total Line Count : 74

 Total Simulation Time: 0.328125 sec

 Current Memory Usage: 5808.87 Meg

Mon Jun 07 17:36:10 2021

