Command line:
   LogicReset_VTF_isim_beh.exe
     -simmode  gui
     -simrunnum  0
     -socket  56718

Mon Jun 07 16:13:57 2021


 Elaboration Time: 0.3125 sec

 Current Memory Usage: 5808.25 Meg

 Total Signals          : 17
 Total Nets             : 16
 Total Signal Drivers   : 8
 Total Blocks           : 3
 Total Primitive Blocks : 2
 Total Processes        : 10
 Total Traceable Variables  : 20
 Total Scalar Nets and Variables : 98
Total Line Count : 43

 Total Simulation Time: 0.3125 sec

 Current Memory Usage: 5808.25 Meg

Mon Jun 07 16:14:06 2021

