Command line:
   InvSubBytes_VTF_isim_beh.exe
     -simmode  gui
     -simrunnum  0
     -socket  57166

Mon Jun 07 17:01:48 2021


 Elaboration Time: 0.265625 sec

 Current Memory Usage: 5808.33 Meg

 Total Signals          : 17
 Total Nets             : 271
 Total Signal Drivers   : 9
 Total Blocks           : 3
 Total Primitive Blocks : 2
 Total Processes        : 12
 Total Traceable Variables  : 23
 Total Scalar Nets and Variables : 2657
Total Line Count : 306

 Total Simulation Time: 0.265625 sec

 Current Memory Usage: 4707.32 Meg

Mon Jun 07 17:04:30 2021

